<?xml version="1.0" encoding="UTF-8"?>
<!-- Generated by org.testng.reporters.JUnitXMLReporter -->
<testsuite hostname="NPGNYC02GG39VDRJM.local" name="Command line test" tests="18" failures="0" timestamp="10 Apr 2015 15:45:34 GMT" time="55.887" errors="0">
  <testcase name="testGetChangeSets1" time="0.2" classname="org.mongeez.reader.FormattedJavascriptChangeSetReaderTest"/>
  <testcase name="testGetChangeSets2" time="0.001" classname="org.mongeez.reader.FormattedJavascriptChangeSetReaderTest"/>
  <testcase name="testGetChangeSetsAlternateEncoding" time="0.003" classname="org.mongeez.reader.FormattedJavascriptChangeSetReaderTest"/>
  <testcase name="testGetChangeSetsEmptyScript" time="0.012" classname="org.mongeez.reader.FormattedJavascriptChangeSetReaderTest"/>
  <testcase name="testGetChangeSetsIOFailure" time="0.009" classname="org.mongeez.reader.FormattedJavascriptChangeSetReaderTest"/>
  <testcase name="testGetChangeSetsNoHeader" time="0.006" classname="org.mongeez.reader.FormattedJavascriptChangeSetReaderTest"/>
  <testcase name="testGetChangeSetsWrongEncoding" time="0.001" classname="org.mongeez.reader.FormattedJavascriptChangeSetReaderTest"/>
  <testcase name="testChangesWContextContextNotSet" time="3.098" classname="org.mongeez.MongeezTest"/>
  <testcase name="testChangesWContextContextSetToOrganizations" time="1.775" classname="org.mongeez.MongeezTest"/>
  <testcase name="testChangesWContextContextSetToUsers" time="2.191" classname="org.mongeez.MongeezTest"/>
  <testcase name="testFailDuplicateIds" time="0.536" classname="org.mongeez.MongeezTest"/>
  <testcase name="testFailOnError_False" time="0.685" classname="org.mongeez.MongeezTest"/>
  <testcase name="testFailOnError_True" time="4.746" classname="org.mongeez.MongeezTest"/>
  <testcase name="testMongeez" time="2.128" classname="org.mongeez.MongeezTest"/>
  <testcase name="testNoFailureOnEmptyChangeLog" time="8.248" classname="org.mongeez.MongeezTest"/>
  <testcase name="testNoFailureOnNoChangeFilesBlock" time="1.317" classname="org.mongeez.MongeezTest"/>
  <testcase name="testNoFiles" time="1.459" classname="org.mongeez.MongeezTest"/>
  <testcase name="testRunTwice" time="1.169" classname="org.mongeez.MongeezTest"/>
</testsuite> <!-- Command line test -->
