<?xml version="1.0" encoding="UTF-8" ?>
<testsuite tests="18" failures="0" name="TestSuite" time="57.787" errors="0" skipped="0">
  <properties>
[...]
</properties>
  <testcase classname="org.mongeez.reader.FormattedJavascriptChangeSetReaderTest" name="testGetChangeSets1" time="0.198"/>
  <testcase classname="org.mongeez.reader.FormattedJavascriptChangeSetReaderTest" name="testGetChangeSets2" time="0"/>
  <testcase classname="org.mongeez.reader.FormattedJavascriptChangeSetReaderTest" name="testGetChangeSetsAlternateEncoding" time="0"/>
  <testcase classname="org.mongeez.reader.FormattedJavascriptChangeSetReaderTest" name="testGetChangeSetsEmptyScript" time="0.011"/>
  <testcase classname="org.mongeez.reader.FormattedJavascriptChangeSetReaderTest" name="testGetChangeSetsIOFailure" time="0.007"/>
  <testcase classname="org.mongeez.reader.FormattedJavascriptChangeSetReaderTest" name="testGetChangeSetsNoHeader" time="0.009"/>
  <testcase classname="org.mongeez.reader.FormattedJavascriptChangeSetReaderTest" name="testGetChangeSetsWrongEncoding" time="0"/>
  <testcase classname="org.mongeez.MongeezTest" name="testChangesWContextContextNotSet" time="3.098"/>
  <testcase classname="org.mongeez.MongeezTest" name="testChangesWContextContextSetToOrganizations" time="1.775"/>
  <testcase classname="org.mongeez.MongeezTest" name="testChangesWContextContextSetToUsers" time="2.19"/>
  <testcase classname="org.mongeez.MongeezTest" name="testFailDuplicateIds" time="0.536"/>
  <testcase classname="org.mongeez.MongeezTest" name="testFailOnError_False" time="0.686"/>
  <testcase classname="org.mongeez.MongeezTest" name="testFailOnError_True" time="4.746"/>
  <testcase classname="org.mongeez.MongeezTest" name="testMongeez" time="2.127"/>
  <testcase classname="org.mongeez.MongeezTest" name="testNoFailureOnEmptyChangeLog" time="8.248"/>
  <testcase classname="org.mongeez.MongeezTest" name="testNoFailureOnNoChangeFilesBlock" time="1.317"/>
  <testcase classname="org.mongeez.MongeezTest" name="testNoFiles" time="1.458"/>
  <testcase classname="org.mongeez.MongeezTest" name="testRunTwice" time="1.168"/>
</testsuite>